Afrikaans-AfriBooms	en_lines	da_ddt	en_ewt
Ancient_Greek-Perseus	la_perseus	ru_taiga	ru_syntagrus
Ancient_Greek-PROIEL	la_proiel	got_proiel	cu_proiel
Arabic-PADT		sl_sst		bg_btb		sl_ssj
Armenian-ArmTDP		uk_iu		cs_cac		cs_pdt
Basque-BDT		sk_snk		sl_ssj		sl_sst
Bulgarian-BTB		el_gdt		no_bokmaal	en_lines
Buryat-BDT		la_proiel	ug_udt		grc_proiel
Catalan-AnCora		es_ancora	gl_treegal	ro_rrt
Chinese-GSD		fa_seraji	it_postwita	af_afribooms
Croatian-SET		hsb_ufal	sl_sst		sk_snk
Czech-CAC		cs_pdt		cs_fictree	uk_iu
Czech-FicTree		sk_snk		pl_sz		cs_cac
Czech-PDT		cs_cac		cs_fictree	uk_iu
Danish-DDT		en_lines	no_bokmaal	en_ewt
Dutch-Alpino		nl_lassysmall	en_gum		de_gsd
Dutch-LassySmall	nl_alpino	de_gsd		kmr_mg
English-EWT		en_lines	en_gum		no_bokmaal
English-GUM		en_lines	no_nynorsklia	en_ewt
English-LinES		en_gum		en_ewt		no_bokmaal
Estonian-EDT		hsb_ufal	lv_lvtb		la_ittb
Finnish-FTB		fi_tdt		sme_giella	hu_szeged
Finnish-TDT		fi_ftb		cs_fictree	sme_giella
French-GSD		en_gum		en_lines	pt_bosque
French-Sequoia		en_lines	it_postwita	en_gum
French-Spoken		af_afribooms	ar_padt		bg_btb
Galician-CTG		af_afribooms	ar_padt		bg_btb
Galician-TreeGal	hr_set		ro_rrt		no_nynorsk
German-GSD		kmr_mg		fr_gsd		grc_proiel
Gothic-PROIEL		cu_proiel	la_proiel	grc_proiel
Greek-GDT		bg_btb		grc_proiel	lv_lvtb
Hebrew-HTB		en_ewt		no_bokmaal	en_lines
Hindi-HDTB		ur_udtb		pt_bosque	el_gdt
Hungarian-Szeged	sme_giella	lv_lvtb		tr_imst
Indonesian-GSD		no_bokmaal	da_ddt		pl_lfg
Irish-IDT		en_lines	en_ewt		no_bokmaal
Italian-ISDT		it_postwita	en_gum		en_lines
Italian-PoSTWITA	it_isdt		en_gum		en_lines
Japanese-GSD		af_afribooms	ar_padt		bg_btb
Kazakh-KTB		ug_udt		la_ittb		lv_lvtb
Korean-GSD		af_afribooms	ar_padt		bg_btb
Korean-Kaist		af_afribooms	ar_padt		bg_btb
Kurmanji-MG		de_gsd		pt_bosque	lv_lvtb
Latin-ITTB		hsb_ufal	lv_lvtb		el_gdt
Latin-Perseus		grc_perseus	ru_taiga	la_proiel
Latin-PROIEL		grc_proiel	cu_proiel	got_proiel
Latvian-LVTB		la_ittb		bg_btb		no_bokmaal
North_Sami-Giella	hu_szeged	tr_imst		ug_udt
Norwegian-Bokmaal	no_nynorsk	no_nynorsklia	en_ewt
Norwegian-Nynorsk	no_bokmaal	no_nynorsklia	en_gum
Norwegian-NynorskLIA	no_bokmaal	en_gum		no_nynorsk
Old_Church_Slavonic-PROIEL		got_proiel	la_proiel	grc_proiel
Old_French-SRCMF			sv_lines	sv_talbanken	fr_gsd
Persian-Seraji				fr_gsd		it_postwita	fr_sequoia
Polish-LFG				pl_sz		cs_fictree	sk_snk
Polish-SZ				sk_snk		cs_fictree	pl_lfg
Portuguese-Bosque			fr_gsd		kmr_mg		en_lines
Romanian-RRT				gl_treegal	sl_ssj		sl_sst
Russian-SynTagRus			ru_taiga	grc_perseus	la_perseus
Russian-Taiga				ru_syntagrus	grc_perseus	la_perseus
Serbian-SET				hsb_ufal	hr_set		lv_lvtb
Slovak-SNK				cs_fictree	pl_sz		hr_set
Slovenian-SSJ				sl_sst		hr_set		cs_fictree
Slovenian-SST				sl_ssj		hr_set		sk_snk
Spanish-AnCora				ca_ancora	gl_treegal	ro_rrt
Swedish-LinES				sv_talbanken	en_lines	no_nynorsk
Swedish-Talbanken			sv_lines	no_nynorsk	no_bokmaal
Turkish-IMST				ug_udt		hu_szeged	sme_giella
Ukrainian-IU				pl_sz		sk_snk		cs_fictree
Upper_Sorbian-UFALS			hr_set		la_ittb		sk_snk
Urdu-UDTB				hi_hdtb		pt_bosque	el_gdt
Uyghur-UDT				kk_ktb		tr_imst		bxr_bdt
Vietnamese-VTB				af_afribooms	ar_padt		bg_btb